02:39:05.375 [DEBUG] [org.gradle.launcher.daemon.bootstrap.DaemonMain] Assuming the daemon was started with following jvm opts: [-XX:+HeapDumpOnOutOfMemoryError, -Xmx1024m, -Dfile.encoding=UTF-8, -Duser.country, -Duser.language=en, -Duser.variant]
02:39:07.024 [INFO] [org.gradle.launcher.daemon.server.Daemon] start() called on daemon - DefaultDaemonContext[uid=509c2cbc-2f55-43a6-a352-f875bf9ac9aa,javaHome=/opt/jdk1.8.0_162,daemonRegistryDir=/app/cache/daemon,pid=27,idleTimeout=10800000,daemonOpts=-XX:+HeapDumpOnOutOfMemoryError,-Xmx1024m,-Dfile.encoding=UTF-8,-Duser.country,-Duser.language=en,-Duser.variant]
02:39:07.405 [DEBUG] [org.gradle.internal.remote.internal.inet.InetAddresses] Adding IP addresses for network interface eth0
02:39:07.422 [DEBUG] [org.gradle.internal.remote.internal.inet.InetAddresses] Is this a loopback interface? false
02:39:07.435 [DEBUG] [org.gradle.internal.remote.internal.inet.InetAddresses] Is this a multicast interface? true
02:39:07.447 [DEBUG] [org.gradle.internal.remote.internal.inet.InetAddresses] Adding remote address /172.18.0.5
02:39:07.462 [DEBUG] [org.gradle.internal.remote.internal.inet.InetAddresses] Adding remote multicast interface eth0
02:39:07.477 [DEBUG] [org.gradle.internal.remote.internal.inet.InetAddresses] Adding IP addresses for network interface lo
02:39:07.489 [DEBUG] [org.gradle.internal.remote.internal.inet.InetAddresses] Is this a loopback interface? true
02:39:07.495 [DEBUG] [org.gradle.internal.remote.internal.inet.InetAddresses] Is this a multicast interface? false
02:39:07.501 [DEBUG] [org.gradle.internal.remote.internal.inet.InetAddresses] Adding loopback address /127.0.0.1
02:39:07.548 [DEBUG] [org.gradle.internal.remote.internal.inet.TcpIncomingConnector] Listening on [f209974b-cafe-4032-91c0-14c3b108cf77 port:41941, addresses:[/127.0.0.1]].
02:39:07.609 [DEBUG] [org.gradle.launcher.daemon.server.Daemon] Daemon starting at: Wed Mar 21 02:39:07 GMT 2018, with address: [f209974b-cafe-4032-91c0-14c3b108cf77 port:41941, addresses:[/127.0.0.1]]
02:39:07.617 [INFO] [org.gradle.launcher.daemon.server.DaemonRegistryUpdater] Advertising the daemon address to the clients: [f209974b-cafe-4032-91c0-14c3b108cf77 port:41941, addresses:[/127.0.0.1]]
02:39:07.623 [DEBUG] [org.gradle.launcher.daemon.server.DaemonRegistryUpdater] Advertised daemon context: DefaultDaemonContext[uid=509c2cbc-2f55-43a6-a352-f875bf9ac9aa,javaHome=/opt/jdk1.8.0_162,daemonRegistryDir=/app/cache/daemon,pid=27,idleTimeout=10800000,daemonOpts=-XX:+HeapDumpOnOutOfMemoryError,-Xmx1024m,-Dfile.encoding=UTF-8,-Duser.country,-Duser.language=en,-Duser.variant]
02:39:07.632 [DEBUG] [org.gradle.launcher.daemon.registry.PersistentDaemonRegistry] Storing daemon address: [f209974b-cafe-4032-91c0-14c3b108cf77 port:41941, addresses:[/127.0.0.1]], context: DefaultDaemonContext[uid=509c2cbc-2f55-43a6-a352-f875bf9ac9aa,javaHome=/opt/jdk1.8.0_162,daemonRegistryDir=/app/cache/daemon,pid=27,idleTimeout=10800000,daemonOpts=-XX:+HeapDumpOnOutOfMemoryError,-Xmx1024m,-Dfile.encoding=UTF-8,-Duser.country,-Duser.language=en,-Duser.variant]
02:39:07.822 [DEBUG] [org.gradle.cache.internal.DefaultFileLockManager] Waiting to acquire exclusive lock on daemon addresses registry.
02:39:07.867 [DEBUG] [org.gradle.cache.internal.DefaultFileLockManager] Lock acquired on daemon addresses registry.
02:39:07.950 [DEBUG] [org.gradle.cache.internal.DefaultFileLockManager] Releasing lock on daemon addresses registry.
02:39:07.976 [LIFECYCLE] [org.gradle.launcher.daemon.server.Daemon] Daemon server started.
02:39:07.997 [DEBUG] [org.gradle.launcher.daemon.bootstrap.DaemonStartupCommunication] Completed writing the daemon greeting. Closing streams...
02:39:08.383 [DEBUG] [org.gradle.launcher.daemon.server.Daemon] stopOnExpiration() called on daemon
02:39:08.483 [DEBUG] [org.gradle.launcher.daemon.server.Daemon] awaitExpiration() called on daemon
02:39:08.512 [DEBUG] [org.gradle.launcher.daemon.server.DaemonStateCoordinator] daemon is running. Sleeping until state changes.
02:39:08.460 [DEBUG] [org.gradle.internal.remote.internal.inet.TcpIncomingConnector] Accepted connection from /127.0.0.1:51482 to /127.0.0.1:41941.
02:39:12.072 [DEBUG] [org.gradle.launcher.daemon.server.SynchronizedDispatchConnection] thread 14: received class org.gradle.launcher.daemon.protocol.Build
02:39:12.144 [DEBUG] [org.gradle.launcher.daemon.server.DefaultDaemonConnection] thread 14: Received non-IO message from client: Build{id=eae3953b-73e2-4124-b67b-f0212814c439.1, currentDir=/app}
02:39:12.185 [INFO] [org.gradle.launcher.daemon.server.DefaultIncomingConnectionHandler] Received command: Build{id=eae3953b-73e2-4124-b67b-f0212814c439.1, currentDir=/app}.
02:39:12.193 [DEBUG] [org.gradle.launcher.daemon.server.DefaultIncomingConnectionHandler] Starting executing command: Build{id=eae3953b-73e2-4124-b67b-f0212814c439.1, currentDir=/app} with connection: socket connection from /127.0.0.1:41941 to /127.0.0.1:51482.
02:39:12.373 [ERROR] [org.gradle.launcher.daemon.server.DaemonStateCoordinator] Command execution: started DaemonCommandExecution[command = Build{id=eae3953b-73e2-4124-b67b-f0212814c439.1, currentDir=/app}, connection = DefaultDaemonConnection: socket connection from /127.0.0.1:41941 to /127.0.0.1:51482] after 0.0 minutes of idle
02:39:12.400 [INFO] [org.gradle.launcher.daemon.server.DaemonRegistryUpdater] Marking the daemon as busy, address: [f209974b-cafe-4032-91c0-14c3b108cf77 port:41941, addresses:[/127.0.0.1]]
02:39:12.521 [DEBUG] [org.gradle.launcher.daemon.registry.PersistentDaemonRegistry] Marking busy by address: [f209974b-cafe-4032-91c0-14c3b108cf77 port:41941, addresses:[/127.0.0.1]]
02:39:12.680 [DEBUG] [org.gradle.cache.internal.DefaultFileLockManager] Waiting to acquire exclusive lock on daemon addresses registry.
02:39:12.736 [DEBUG] [org.gradle.cache.internal.DefaultFileLockManager] Lock acquired on daemon addresses registry.
02:39:12.840 [DEBUG] [org.gradle.cache.internal.DefaultFileLockManager] Releasing lock on daemon addresses registry.
02:39:12.853 [DEBUG] [org.gradle.launcher.daemon.server.DaemonStateCoordinator] resetting idle timer
02:39:12.862 [DEBUG] [org.gradle.launcher.daemon.server.DaemonStateCoordinator] daemon is running. Sleeping until state changes.
02:39:12.870 [INFO] [org.gradle.launcher.daemon.server.exec.StartBuildOrRespondWithBusy] Daemon is about to start building Build{id=eae3953b-73e2-4124-b67b-f0212814c439.1, currentDir=/app}. Dispatching build started information...
02:39:12.888 [DEBUG] [org.gradle.launcher.daemon.server.SynchronizedDispatchConnection] thread 16: dispatching class org.gradle.launcher.daemon.protocol.BuildStarted
02:39:13.089 [DEBUG] [org.gradle.launcher.daemon.server.SynchronizedDispatchConnection] thread 14: received class org.gradle.launcher.daemon.protocol.CloseInput
02:39:13.152 [DEBUG] [org.gradle.launcher.daemon.server.DefaultDaemonConnection] thread 14: Received IO message from client: org.gradle.launcher.daemon.protocol.CloseInput@5979d393
02:39:13.096 [DEBUG] [org.gradle.launcher.daemon.server.exec.EstablishBuildEnvironment] Configuring env variables: {PATH=/usr/local/sbin:/usr/local/bin:/usr/sbin:/usr/bin:/sbin:/bin:/opt/jdk/bin, JAVA_JCE=unlimited, SPRING_PROFILES_ACTIVE=dev, JAVA_HOME=/opt/jdk, OLDPWD=/app, GLIBC_VERSION=2.27-r0, LANG=C.UTF-8, JAVA_VERSION_MAJOR=8, GRADLE_USER_HOME=cache, HOSTNAME=0567b66d64e8, GLIBC_REPO=https://github.com/sgerrand/alpine-pkg-glibc, JAVA_VERSION_MINOR=162, PWD=/app, JAVA_PACKAGE=jdk, JAVA_VERSION_BUILD=12, HOME=/root, SHLVL=1}
02:39:13.343 [DEBUG] [org.gradle.launcher.daemon.server.exec.LogToClient] About to start relaying all logs to the client via the connection.
02:39:13.365 [INFO] [org.gradle.launcher.daemon.server.exec.LogToClient] The client will now receive all logging from the daemon (pid: 27). The daemon log file: /app/cache/daemon/4.5.1/daemon-27.out.log
02:39:13.383 [INFO] [org.gradle.launcher.daemon.server.exec.LogAndCheckHealth] Starting build in new daemon [memory: 954.7 MB]
02:39:13.413 [INFO] [org.gradle.launcher.daemon.server.exec.ForwardClientInput] Closing daemon's stdin at end of input.
02:39:13.462 [INFO] [org.gradle.launcher.daemon.server.exec.ForwardClientInput] The daemon will no longer process any standard input.
02:39:13.506 [DEBUG] [org.gradle.launcher.daemon.server.exec.ExecuteBuild] The daemon has started executing the build.
02:39:13.555 [DEBUG] [org.gradle.launcher.daemon.server.exec.ExecuteBuild] Executing build with daemon context: DefaultDaemonContext[uid=509c2cbc-2f55-43a6-a352-f875bf9ac9aa,javaHome=/opt/jdk1.8.0_162,daemonRegistryDir=/app/cache/daemon,pid=27,idleTimeout=10800000,daemonOpts=-XX:+HeapDumpOnOutOfMemoryError,-Xmx1024m,-Dfile.encoding=UTF-8,-Duser.country,-Duser.language=en,-Duser.variant]
:compileJava
Download https://repo.maven.apache.org/maven2/commons-logging/commons-logging/1.1.1/commons-logging-1.1.1.pom
Download https://repo.maven.apache.org/maven2/org/apache/commons/commons-parent/5/commons-parent-5.pom
:processResources
:classes
:bootRun
02:57:00.460 [main] DEBUG org.springframework.boot.devtools.settings.DevToolsSettings - Included patterns for restart : []
02:57:01.053 [main] DEBUG org.springframework.boot.devtools.settings.DevToolsSettings - Excluded patterns for restart : [/spring-boot-starter/target/classes/, /spring-boot-autoconfigure/target/classes/, /spring-boot-starter-[\w-]+/, /spring-boot/target/classes/, /spring-boot-actuator/target/classes/, /spring-boot-devtools/target/classes/]
02:57:01.096 [main] DEBUG org.springframework.boot.devtools.restart.ChangeableUrls - Matching URLs for reloading : [file:/app/build/classes/java/main/, file:/app/build/resources/main/]
2018-03-21 02:59:12.064  INFO 65 --- [  restartedMain] s.c.a.AnnotationConfigApplicationContext : Refreshing org.springframework.context.annotation.AnnotationConfigApplicationContext@244c622a: startup date [Wed Mar 21 02:59:11 GMT 2018]; root of context hierarchy
2018-03-21 03:00:47.322  INFO 65 --- [  restartedMain] f.a.AutowiredAnnotationBeanPostProcessor : JSR-330 'javax.inject.Inject' annotation found and supported for autowiring
2018-03-21 03:01:04.811  INFO 65 --- [  restartedMain] trationDelegate$BeanPostProcessorChecker : Bean 'configurationPropertiesRebinderAutoConfiguration' of type [org.springframework.cloud.autoconfigure.ConfigurationPropertiesRebinderAutoConfiguration$$EnhancerBySpringCGLIB$$bd3f71f7] is not eligible for getting processed by all BeanPostProcessors (for example: not eligible for auto-proxying)

  .   ____          _            __ _ _
 /\\ / ___'_ __ _ _(_)_ __  __ _ \ \ \ \
( ( )\___ | '_ | '_| | '_ \/ _` | \ \ \ \
 \\/  ___)| |_)| | | | | || (_| |  ) ) ) )
  '  |____| .__|_| |_|_| |_\__, | / / / /
 =========|_|==============|___/=/_/_/_/
[32m :: Spring Boot :: [39m      [2m (v1.5.8.RELEASE)[0;39m

[2m2018-03-21 03:03:29.940[0;39m [32m INFO[0;39m [35m65[0;39m [2m---[0;39m [2m[  restartedMain][0;39m [36mc.example.songsapi.SongsApiApplication  [0;39m [2m:[0;39m The following profiles are active: dev
[2m2018-03-21 03:03:33.080[0;39m [32m INFO[0;39m [35m65[0;39m [2m---[0;39m [2m[  restartedMain][0;39m [36mationConfigEmbeddedWebApplicationContext[0;39m [2m:[0;39m Refreshing org.springframework.boot.context.embedded.AnnotationConfigEmbeddedWebApplicationContext@657516a9: startup date [Wed Mar 21 03:03:33 GMT 2018]; parent: org.springframework.context.annotation.AnnotationConfigApplicationContext@244c622a
[2m2018-03-21 03:06:20.584[0;39m [32m INFO[0;39m [35m65[0;39m [2m---[0;39m [2m[  restartedMain][0;39m [36mo.s.cloud.context.scope.GenericScope    [0;39m [2m:[0;39m BeanFactory id=4ca1853a-c78a-3588-8914-6f1fbaa10520
[2m2018-03-21 03:06:22.467[0;39m [32m INFO[0;39m [35m65[0;39m [2m---[0;39m [2m[  restartedMain][0;39m [36mf.a.AutowiredAnnotationBeanPostProcessor[0;39m [2m:[0;39m JSR-330 'javax.inject.Inject' annotation found and supported for autowiring
[2m2018-03-21 03:06:29.916[0;39m [32m INFO[0;39m [35m65[0;39m [2m---[0;39m [2m[  restartedMain][0;39m [36mtrationDelegate$BeanPostProcessorChecker[0;39m [2m:[0;39m Bean 'org.springframework.transaction.annotation.ProxyTransactionManagementConfiguration' of type [org.springframework.transaction.annotation.ProxyTransactionManagementConfiguration$$EnhancerBySpringCGLIB$$a1256efa] is not eligible for getting processed by all BeanPostProcessors (for example: not eligible for auto-proxying)
[2m2018-03-21 03:06:36.392[0;39m [32m INFO[0;39m [35m65[0;39m [2m---[0;39m [2m[  restartedMain][0;39m [36mtrationDelegate$BeanPostProcessorChecker[0;39m [2m:[0;39m Bean 'org.springframework.cloud.netflix.metrics.MetricsInterceptorConfiguration$MetricsRestTemplateConfiguration' of type [org.springframework.cloud.netflix.metrics.MetricsInterceptorConfiguration$MetricsRestTemplateConfiguration$$EnhancerBySpringCGLIB$$d352153b] is not eligible for getting processed by all BeanPostProcessors (for example: not eligible for auto-proxying)
[2m2018-03-21 03:06:37.062[0;39m [32m INFO[0;39m [35m65[0;39m [2m---[0;39m [2m[  restartedMain][0;39m [36mtrationDelegate$BeanPostProcessorChecker[0;39m [2m:[0;39m Bean 'org.springframework.cloud.autoconfigure.ConfigurationPropertiesRebinderAutoConfiguration' of type [org.springframework.cloud.autoconfigure.ConfigurationPropertiesRebinderAutoConfiguration$$EnhancerBySpringCGLIB$$bd3f71f7] is not eligible for getting processed by all BeanPostProcessors (for example: not eligible for auto-proxying)
[2m2018-03-21 03:07:20.024[0;39m [32m INFO[0;39m [35m65[0;39m [2m---[0;39m [2m[  restartedMain][0;39m [36ms.b.c.e.t.TomcatEmbeddedServletContainer[0;39m [2m:[0;39m Tomcat initialized with port(s): 8082 (http)
[2m2018-03-21 03:07:22.451[0;39m [32m INFO[0;39m [35m65[0;39m [2m---[0;39m [2m[  restartedMain][0;39m [36mo.apache.catalina.core.StandardService  [0;39m [2m:[0;39m Starting service [Tomcat]
[2m2018-03-21 03:07:22.559[0;39m [32m INFO[0;39m [35m65[0;39m [2m---[0;39m [2m[  restartedMain][0;39m [36morg.apache.catalina.core.StandardEngine [0;39m [2m:[0;39m Starting Servlet Engine: Apache Tomcat/8.5.23
[2m2018-03-21 03:08:14.159[0;39m [32m INFO[0;39m [35m65[0;39m [2m---[0;39m [2m[ost-startStop-1][0;39m [36mo.a.c.c.C.[Tomcat].[localhost].[/]      [0;39m [2m:[0;39m Initializing Spring embedded WebApplicationContext
[2m2018-03-21 03:08:14.195[0;39m [32m INFO[0;39m [35m65[0;39m [2m---[0;39m [2m[ost-startStop-1][0;39m [36mo.s.web.context.ContextLoader           [0;39m [2m:[0;39m Root WebApplicationContext: initialization completed in 281115 ms
[2m2018-03-21 03:09:01.641[0;39m [32m INFO[0;39m [35m65[0;39m [2m---[0;39m [2m[ost-startStop-1][0;39m [36mo.s.b.w.servlet.ServletRegistrationBean [0;39m [2m:[0;39m Mapping servlet: 'dispatcherServlet' to [/]
[2m2018-03-21 03:09:02.282[0;39m [32m INFO[0;39m [35m65[0;39m [2m---[0;39m [2m[ost-startStop-1][0;39m [36mo.s.b.w.servlet.FilterRegistrationBean  [0;39m [2m:[0;39m Mapping filter: 'metricsFilter' to: [/*]
[2m2018-03-21 03:09:02.295[0;39m [32m INFO[0;39m [35m65[0;39m [2m---[0;39m [2m[ost-startStop-1][0;39m [36mo.s.b.w.servlet.FilterRegistrationBean  [0;39m [2m:[0;39m Mapping filter: 'characterEncodingFilter' to: [/*]
[2m2018-03-21 03:09:02.297[0;39m [32m INFO[0;39m [35m65[0;39m [2m---[0;39m [2m[ost-startStop-1][0;39m [36mo.s.b.w.servlet.FilterRegistrationBean  [0;39m [2m:[0;39m Mapping filter: 'hiddenHttpMethodFilter' to: [/*]
[2m2018-03-21 03:09:02.356[0;39m [32m INFO[0;39m [35m65[0;39m [2m---[0;39m [2m[ost-startStop-1][0;39m [36mo.s.b.w.servlet.FilterRegistrationBean  [0;39m [2m:[0;39m Mapping filter: 'httpPutFormContentFilter' to: [/*]
[2m2018-03-21 03:09:02.357[0;39m [32m INFO[0;39m [35m65[0;39m [2m---[0;39m [2m[ost-startStop-1][0;39m [36mo.s.b.w.servlet.FilterRegistrationBean  [0;39m [2m:[0;39m Mapping filter: 'requestContextFilter' to: [/*]
[2m2018-03-21 03:09:02.360[0;39m [32m INFO[0;39m [35m65[0;39m [2m---[0;39m [2m[ost-startStop-1][0;39m [36mo.s.b.w.servlet.FilterRegistrationBean  [0;39m [2m:[0;39m Mapping filter: 'webRequestLoggingFilter' to: [/*]
[2m2018-03-21 03:09:02.441[0;39m [32m INFO[0;39m [35m65[0;39m [2m---[0;39m [2m[ost-startStop-1][0;39m [36mo.s.b.w.servlet.FilterRegistrationBean  [0;39m [2m:[0;39m Mapping filter: 'applicationContextIdFilter' to: [/*]
[2m2018-03-21 03:09:27.084[0;39m [32m INFO[0;39m [35m65[0;39m [2m---[0;39m [2m[  restartedMain][0;39m [36mo.f.core.internal.util.VersionPrinter   [0;39m [2m:[0;39m Flyway 3.2.1 by Boxfuse
[2m2018-03-21 03:09:40.413[0;39m [32m INFO[0;39m [35m65[0;39m [2m---[0;39m [2m[  restartedMain][0;39m [36mo.f.c.i.dbsupport.DbSupportFactory      [0;39m [2m:[0;39m Database: jdbc:postgresql://postgresdev:5432/pgdev (PostgreSQL 10.3)
[2m2018-03-21 03:09:43.421[0;39m [32m INFO[0;39m [35m65[0;39m [2m---[0;39m [2m[  restartedMain][0;39m [36mo.f.core.internal.command.DbValidate    [0;39m [2m:[0;39m Validated 1 migration (execution time 00:01.203s)
[2m2018-03-21 03:09:44.067[0;39m [32m INFO[0;39m [35m65[0;39m [2m---[0;39m [2m[  restartedMain][0;39m [36mo.f.c.i.metadatatable.MetaDataTableImpl [0;39m [2m:[0;39m Creating Metadata table: "public"."schema_version"
[2m2018-03-21 03:10:02.046[0;39m [33m WARN[0;39m [35m65[0;39m [2m---[0;39m [2m[  restartedMain][0;39m [36mationConfigEmbeddedWebApplicationContext[0;39m [2m:[0;39m Exception encountered during context initialization - cancelling refresh attempt: org.springframework.beans.factory.BeanCreationException: Error creating bean with name 'flywayInitializer' defined in class path resource [org/springframework/boot/autoconfigure/flyway/FlywayAutoConfiguration$FlywayConfiguration.class]: Invocation of init method failed; nested exception is org.flywaydb.core.internal.dbsupport.FlywaySqlScriptException: 
Script failed
-------------
SQL State  : 23505
Error Code : 0
Message    : ERROR: duplicate key value violates unique constraint "pg_type_typname_nsp_index"
  Detail: Key (typname, typnamespace)=(schema_version, 2200) already exists.
Line       : 17
Statement  : CREATE TABLE "public"."schema_version" (
    "version_rank" INT NOT NULL,
    "installed_rank" INT NOT NULL,
    "version" VARCHAR(50) NOT NULL,
    "description" VARCHAR(200) NOT NULL,
    "type" VARCHAR(20) NOT NULL,
    "script" VARCHAR(1000) NOT NULL,
    "checksum" INTEGER,
    "installed_by" VARCHAR(100) NOT NULL,
    "installed_on" TIMESTAMP NOT NULL DEFAULT now(),
    "execution_time" INTEGER NOT NULL,
    "success" BOOLEAN NOT NULL
) WITH (
  OIDS=FALSE
)

[2m2018-03-21 03:10:02.922[0;39m [32m INFO[0;39m [35m65[0;39m [2m---[0;39m [2m[  restartedMain][0;39m [36mo.apache.catalina.core.StandardService  [0;39m [2m:[0;39m Stopping service [Tomcat]
[2m2018-03-21 03:10:04.896[0;39m [32m INFO[0;39m [35m65[0;39m [2m---[0;39m [2m[  restartedMain][0;39m [36mutoConfigurationReportLoggingInitializer[0;39m [2m:[0;39m 

Error starting ApplicationContext. To display the auto-configuration report re-run your application with 'debug' enabled.
[2m2018-03-21 03:10:05.957[0;39m [31mERROR[0;39m [35m65[0;39m [2m---[0;39m [2m[  restartedMain][0;39m [36mo.s.boot.SpringApplication              [0;39m [2m:[0;39m Application startup failed

org.springframework.beans.factory.BeanCreationException: Error creating bean with name 'flywayInitializer' defined in class path resource [org/springframework/boot/autoconfigure/flyway/FlywayAutoConfiguration$FlywayConfiguration.class]: Invocation of init method failed; nested exception is org.flywaydb.core.internal.dbsupport.FlywaySqlScriptException: 
Script failed
-------------
SQL State  : 23505
Error Code : 0
Message    : ERROR: duplicate key value violates unique constraint "pg_type_typname_nsp_index"
  Detail: Key (typname, typnamespace)=(schema_version, 2200) already exists.
Line       : 17
Statement  : CREATE TABLE "public"."schema_version" (
    "version_rank" INT NOT NULL,
    "installed_rank" INT NOT NULL,
    "version" VARCHAR(50) NOT NULL,
    "description" VARCHAR(200) NOT NULL,
    "type" VARCHAR(20) NOT NULL,
    "script" VARCHAR(1000) NOT NULL,
    "checksum" INTEGER,
    "installed_by" VARCHAR(100) NOT NULL,
    "installed_on" TIMESTAMP NOT NULL DEFAULT now(),
    "execution_time" INTEGER NOT NULL,
    "success" BOOLEAN NOT NULL
) WITH (
  OIDS=FALSE
)

	at org.springframework.beans.factory.support.AbstractAutowireCapableBeanFactory.initializeBean(AbstractAutowireCapableBeanFactory.java:1628) ~[spring-beans-4.3.12.RELEASE.jar:4.3.12.RELEASE]
	at org.springframework.beans.factory.support.AbstractAutowireCapableBeanFactory.doCreateBean(AbstractAutowireCapableBeanFactory.java:555) ~[spring-beans-4.3.12.RELEASE.jar:4.3.12.RELEASE]
	at org.springframework.beans.factory.support.AbstractAutowireCapableBeanFactory.createBean(AbstractAutowireCapableBeanFactory.java:483) ~[spring-beans-4.3.12.RELEASE.jar:4.3.12.RELEASE]
	at org.springframework.beans.factory.support.AbstractBeanFactory$1.getObject(AbstractBeanFactory.java:306) ~[spring-beans-4.3.12.RELEASE.jar:4.3.12.RELEASE]
	at org.springframework.beans.factory.support.DefaultSingletonBeanRegistry.getSingleton(DefaultSingletonBeanRegistry.java:230) ~[spring-beans-4.3.12.RELEASE.jar:4.3.12.RELEASE]
	at org.springframework.beans.factory.support.AbstractBeanFactory.doGetBean(AbstractBeanFactory.java:302) ~[spring-beans-4.3.12.RELEASE.jar:4.3.12.RELEASE]
	at org.springframework.beans.factory.support.AbstractBeanFactory.getBean(AbstractBeanFactory.java:197) ~[spring-beans-4.3.12.RELEASE.jar:4.3.12.RELEASE]
	at org.springframework.beans.factory.support.AbstractBeanFactory.doGetBean(AbstractBeanFactory.java:296) ~[spring-beans-4.3.12.RELEASE.jar:4.3.12.RELEASE]
	at org.springframework.beans.factory.support.AbstractBeanFactory.getBean(AbstractBeanFactory.java:197) ~[spring-beans-4.3.12.RELEASE.jar:4.3.12.RELEASE]
	at org.springframework.context.support.AbstractApplicationContext.getBean(AbstractApplicationContext.java:1078) ~[spring-context-4.3.12.RELEASE.jar:4.3.12.RELEASE]
	at org.springframework.context.support.AbstractApplicationContext.finishBeanFactoryInitialization(AbstractApplicationContext.java:857) ~[spring-context-4.3.12.RELEASE.jar:4.3.12.RELEASE]
	at org.springframework.context.support.AbstractApplicationContext.refresh(AbstractApplicationContext.java:543) ~[spring-context-4.3.12.RELEASE.jar:4.3.12.RELEASE]
	at org.springframework.boot.context.embedded.EmbeddedWebApplicationContext.refresh(EmbeddedWebApplicationContext.java:122) ~[spring-boot-1.5.8.RELEASE.jar:1.5.8.RELEASE]
	at org.springframework.boot.SpringApplication.refresh(SpringApplication.java:693) [spring-boot-1.5.8.RELEASE.jar:1.5.8.RELEASE]
	at org.springframework.boot.SpringApplication.refreshContext(SpringApplication.java:360) [spring-boot-1.5.8.RELEASE.jar:1.5.8.RELEASE]
	at org.springframework.boot.SpringApplication.run(SpringApplication.java:303) [spring-boot-1.5.8.RELEASE.jar:1.5.8.RELEASE]
	at org.springframework.boot.SpringApplication.run(SpringApplication.java:1118) [spring-boot-1.5.8.RELEASE.jar:1.5.8.RELEASE]
	at org.springframework.boot.SpringApplication.run(SpringApplication.java:1107) [spring-boot-1.5.8.RELEASE.jar:1.5.8.RELEASE]
	at com.example.songsapi.SongsApiApplication.main(SongsApiApplication.java:22) [main/:na]
	at sun.reflect.NativeMethodAccessorImpl.invoke0(Native Method) ~[na:1.8.0_162]
	at sun.reflect.NativeMethodAccessorImpl.invoke(NativeMethodAccessorImpl.java:62) ~[na:1.8.0_162]
	at sun.reflect.DelegatingMethodAccessorImpl.invoke(DelegatingMethodAccessorImpl.java:43) ~[na:1.8.0_162]
	at java.lang.reflect.Method.invoke(Method.java:498) ~[na:1.8.0_162]
	at org.springframework.boot.devtools.restart.RestartLauncher.run(RestartLauncher.java:49) [spring-boot-devtools-1.5.8.RELEASE.jar:1.5.8.RELEASE]
Caused by: org.flywaydb.core.internal.dbsupport.FlywaySqlScriptException: 
Script failed
-------------
SQL State  : 23505
Error Code : 0
Message    : ERROR: duplicate key value violates unique constraint "pg_type_typname_nsp_index"
  Detail: Key (typname, typnamespace)=(schema_version, 2200) already exists.
Line       : 17
Statement  : CREATE TABLE "public"."schema_version" (
    "version_rank" INT NOT NULL,
    "installed_rank" INT NOT NULL,
    "version" VARCHAR(50) NOT NULL,
    "description" VARCHAR(200) NOT NULL,
    "type" VARCHAR(20) NOT NULL,
    "script" VARCHAR(1000) NOT NULL,
    "checksum" INTEGER,
    "installed_by" VARCHAR(100) NOT NULL,
    "installed_on" TIMESTAMP NOT NULL DEFAULT now(),
    "execution_time" INTEGER NOT NULL,
    "success" BOOLEAN NOT NULL
) WITH (
  OIDS=FALSE
)

	at org.flywaydb.core.internal.dbsupport.SqlScript.execute(SqlScript.java:117) ~[flyway-core-3.2.1.jar:na]
	at org.flywaydb.core.internal.metadatatable.MetaDataTableImpl.createIfNotExists(MetaDataTableImpl.java:93) ~[flyway-core-3.2.1.jar:na]
	at org.flywaydb.core.internal.metadatatable.MetaDataTableImpl.lock(MetaDataTableImpl.java:100) ~[flyway-core-3.2.1.jar:na]
	at org.flywaydb.core.internal.command.DbMigrate$2.doInTransaction(DbMigrate.java:158) ~[flyway-core-3.2.1.jar:na]
	at org.flywaydb.core.internal.command.DbMigrate$2.doInTransaction(DbMigrate.java:156) ~[flyway-core-3.2.1.jar:na]
	at org.flywaydb.core.internal.util.jdbc.TransactionTemplate.execute(TransactionTemplate.java:72) ~[flyway-core-3.2.1.jar:na]
	at org.flywaydb.core.internal.command.DbMigrate.migrate(DbMigrate.java:156) ~[flyway-core-3.2.1.jar:na]
	at org.flywaydb.core.Flyway$1.execute(Flyway.java:1059) ~[flyway-core-3.2.1.jar:na]
	at org.flywaydb.core.Flyway$1.execute(Flyway.java:1006) ~[flyway-core-3.2.1.jar:na]
	at org.flywaydb.core.Flyway.execute(Flyway.java:1418) ~[flyway-core-3.2.1.jar:na]
	at org.flywaydb.core.Flyway.migrate(Flyway.java:1006) ~[flyway-core-3.2.1.jar:na]
	at org.springframework.boot.autoconfigure.flyway.FlywayMigrationInitializer.afterPropertiesSet(FlywayMigrationInitializer.java:66) ~[spring-boot-autoconfigure-1.5.8.RELEASE.jar:1.5.8.RELEASE]
	at org.springframework.beans.factory.support.AbstractAutowireCapableBeanFactory.invokeInitMethods(AbstractAutowireCapableBeanFactory.java:1687) ~[spring-beans-4.3.12.RELEASE.jar:4.3.12.RELEASE]
	at org.springframework.beans.factory.support.AbstractAutowireCapableBeanFactory.initializeBean(AbstractAutowireCapableBeanFactory.java:1624) ~[spring-beans-4.3.12.RELEASE.jar:4.3.12.RELEASE]
	... 23 common frames omitted
Caused by: org.postgresql.util.PSQLException: ERROR: duplicate key value violates unique constraint "pg_type_typname_nsp_index"
  Detail: Key (typname, typnamespace)=(schema_version, 2200) already exists.
	at org.postgresql.core.v3.QueryExecutorImpl.receiveErrorResponse(QueryExecutorImpl.java:2455) ~[postgresql-9.4.1212.jre7.jar:9.4.1212.jre7]
	at org.postgresql.core.v3.QueryExecutorImpl.processResults(QueryExecutorImpl.java:2155) ~[postgresql-9.4.1212.jre7.jar:9.4.1212.jre7]
	at org.postgresql.core.v3.QueryExecutorImpl.execute(QueryExecutorImpl.java:288) ~[postgresql-9.4.1212.jre7.jar:9.4.1212.jre7]
	at org.postgresql.jdbc.PgStatement.executeInternal(PgStatement.java:430) ~[postgresql-9.4.1212.jre7.jar:9.4.1212.jre7]
	at org.postgresql.jdbc.PgStatement.execute(PgStatement.java:356) ~[postgresql-9.4.1212.jre7.jar:9.4.1212.jre7]
	at org.postgresql.jdbc.PgStatement.executeWithFlags(PgStatement.java:303) ~[postgresql-9.4.1212.jre7.jar:9.4.1212.jre7]
	at org.postgresql.jdbc.PgStatement.executeCachedSql(PgStatement.java:289) ~[postgresql-9.4.1212.jre7.jar:9.4.1212.jre7]
	at org.postgresql.jdbc.PgStatement.executeWithFlags(PgStatement.java:266) ~[postgresql-9.4.1212.jre7.jar:9.4.1212.jre7]
	at org.postgresql.jdbc.PgStatement.execute(PgStatement.java:262) ~[postgresql-9.4.1212.jre7.jar:9.4.1212.jre7]
	at sun.reflect.NativeMethodAccessorImpl.invoke0(Native Method) ~[na:1.8.0_162]
	at sun.reflect.NativeMethodAccessorImpl.invoke(NativeMethodAccessorImpl.java:62) ~[na:1.8.0_162]
	at sun.reflect.DelegatingMethodAccessorImpl.invoke(DelegatingMethodAccessorImpl.java:43) ~[na:1.8.0_162]
	at java.lang.reflect.Method.invoke(Method.java:498) ~[na:1.8.0_162]
	at org.apache.tomcat.jdbc.pool.StatementFacade$StatementProxy.invoke(StatementFacade.java:114) ~[tomcat-jdbc-8.5.23.jar:na]
	at com.sun.proxy.$Proxy96.execute(Unknown Source) ~[na:na]
	at org.flywaydb.core.internal.dbsupport.JdbcTemplate.executeStatement(JdbcTemplate.java:238) ~[flyway-core-3.2.1.jar:na]
	at org.flywaydb.core.internal.dbsupport.SqlScript.execute(SqlScript.java:114) ~[flyway-core-3.2.1.jar:na]
	... 36 common frames omitted


BUILD SUCCESSFUL in 32m 26s
3 actionable tasks: 3 executed
03:10:25.749 [DEBUG] [org.gradle.launcher.daemon.server.exec.ExecuteBuild] The daemon has finished executing the build.
03:10:26.252 [DEBUG] [org.gradle.launcher.daemon.server.DaemonStateCoordinator] daemon is running. Sleeping until state changes.
03:10:26.330 [DEBUG] [org.gradle.launcher.daemon.server.DaemonStateCoordinator] Command execution: finished waiting for DaemonCommandExecution[command = Build{id=eae3953b-73e2-4124-b67b-f0212814c439.1, currentDir=/app}, connection = DefaultDaemonConnection: socket connection from /127.0.0.1:41941 to /127.0.0.1:51482]. Result org.gradle.launcher.daemon.server.DaemonStateCoordinator@c7a0f99 with state Busy
03:10:26.355 [DEBUG] [org.gradle.launcher.daemon.server.DaemonStateCoordinator] Command execution: completed DaemonCommandExecution[command = Build{id=eae3953b-73e2-4124-b67b-f0212814c439.1, currentDir=/app}, connection = DefaultDaemonConnection: socket connection from /127.0.0.1:41941 to /127.0.0.1:51482]
03:10:26.368 [DEBUG] [org.gradle.launcher.daemon.server.DaemonStateCoordinator] resetting idle timer
03:10:26.428 [INFO] [org.gradle.launcher.daemon.server.DaemonRegistryUpdater] Marking the daemon as idle, address: [f209974b-cafe-4032-91c0-14c3b108cf77 port:41941, addresses:[/127.0.0.1]]
03:10:26.444 [DEBUG] [org.gradle.launcher.daemon.registry.PersistentDaemonRegistry] Marking busy by address: [f209974b-cafe-4032-91c0-14c3b108cf77 port:41941, addresses:[/127.0.0.1]]
03:10:26.667 [DEBUG] [org.gradle.cache.internal.DefaultFileLockManager] Waiting to acquire exclusive lock on daemon addresses registry.
03:10:26.715 [DEBUG] [org.gradle.cache.internal.DefaultFileLockManager] Lock acquired on daemon addresses registry.
03:10:26.916 [DEBUG] [org.gradle.cache.internal.DefaultFileLockManager] Releasing lock on daemon addresses registry.
03:10:26.929 [DEBUG] [org.gradle.launcher.daemon.server.DaemonStateCoordinator] daemon is running. Sleeping until state changes.
03:10:27.024 [DEBUG] [org.gradle.launcher.daemon.server.exec.ReturnResult] Daemon is dispatching the build result: Success[value=null]
03:10:27.041 [DEBUG] [org.gradle.launcher.daemon.server.SynchronizedDispatchConnection] thread 13: dispatching class org.gradle.launcher.daemon.protocol.Success
03:10:27.888 [DEBUG] [org.gradle.launcher.daemon.server.DefaultIncomingConnectionHandler] Finishing executing command: Build{id=eae3953b-73e2-4124-b67b-f0212814c439.1, currentDir=/app}
03:10:28.465 [DEBUG] [org.gradle.launcher.daemon.server.Daemon] DaemonExpirationPeriodicCheck running
03:10:28.575 [DEBUG] [org.gradle.cache.internal.DefaultFileLockManager] Waiting to acquire shared lock on daemon addresses registry.
03:10:28.693 [DEBUG] [org.gradle.cache.internal.DefaultFileLockManager] Lock acquired on daemon addresses registry.
03:10:28.818 [DEBUG] [org.gradle.cache.internal.DefaultFileLockManager] Releasing lock on daemon addresses registry.
03:10:29.130 [DEBUG] [org.gradle.cache.internal.DefaultFileLockManager] Waiting to acquire shared lock on daemon addresses registry.
03:10:29.215 [DEBUG] [org.gradle.cache.internal.DefaultFileLockManager] Lock acquired on daemon addresses registry.
03:10:29.289 [DEBUG] [org.gradle.cache.internal.DefaultFileLockManager] Releasing lock on daemon addresses registry.
03:10:29.447 [DEBUG] [org.gradle.process.internal.health.memory.MemoryManager] Emitting OS memory status event {Total: 2096103424, Free: 307847168}
03:10:29.487 [DEBUG] [org.gradle.launcher.daemon.server.health.LowMemoryDaemonExpirationStrategy] Received memory status update: {Total: 2096103424, Free: 307847168}
03:10:29.568 [DEBUG] [org.gradle.process.internal.health.memory.MemoryManager] 402653184 memory requested, 307847168 free
03:10:29.591 [DEBUG] [org.gradle.process.internal.health.memory.MemoryManager] 402653184 memory requested, 0 released, 307847168 free
03:10:29.611 [DEBUG] [org.gradle.process.internal.health.memory.MemoryManager] Emitting JVM memory status event {Maximum: 954728448, Committed: 230686720}
03:10:30.979 [DEBUG] [org.gradle.launcher.daemon.server.SynchronizedDispatchConnection] thread 14: received class org.gradle.launcher.daemon.protocol.Finished
03:10:31.006 [DEBUG] [org.gradle.launcher.daemon.server.DefaultDaemonConnection] thread 14: Received non-IO message from client: org.gradle.launcher.daemon.protocol.Finished@2a570cee
03:10:31.028 [DEBUG] [org.gradle.launcher.daemon.server.DefaultIncomingConnectionHandler] Received finished message: org.gradle.launcher.daemon.protocol.Finished@2a570cee
03:10:31.049 [DEBUG] [org.gradle.launcher.daemon.server.SynchronizedDispatchConnection] thread 13: stopping connection
03:10:31.338 [DEBUG] [org.gradle.internal.remote.internal.inet.SocketConnection] Discarding EOFException: java.io.EOFException
03:10:31.370 [DEBUG] [org.gradle.launcher.daemon.server.SynchronizedDispatchConnection] thread 14: received null
03:10:31.391 [DEBUG] [org.gradle.launcher.daemon.server.DefaultDaemonConnection] thread 14: Received end-of-input from client.
03:10:31.415 [DEBUG] [org.gradle.launcher.daemon.server.SynchronizedDispatchConnection] thread 13: stopping connection
